#-----------------------------------------------------------
# Vivado v2024.2 (64-bit)
# SW Build 5239630 on Fri Nov 08 22:35:27 MST 2024
# IP Build 5239520 on Sun Nov 10 16:12:51 MST 2024
# SharedData Build 5239561 on Fri Nov 08 14:39:27 MST 2024
# Start of session at: Thu Mar  5 11:23:49 2026
# Process ID         : 15596
# Current directory  : C:/Users/Engg-User/AppData/Roaming/Xilinx/Vivado
# Command line       : vivado.exe -gui_launcher_event rodinguilauncherevent66352
# Log file           : C:/Users/Engg-User/AppData/Roaming/Xilinx/Vivado/vivado.log
# Journal file       : C:/Users/Engg-User/AppData/Roaming/Xilinx/Vivado\vivado.jou
# Running On         : LT-735460
# Platform           : Windows Server 2016 or Windows 10
# Operating System   : 26200
# Processor Detail   : 11th Gen Intel(R) Core(TM) i7-11850H @ 2.50GHz
# CPU Frequency      : 2496 MHz
# CPU Physical cores : 8
# CPU Logical cores  : 16
# Host memory        : 34070 MB
# Swap memory        : 2147 MB
# Total Virtual      : 36217 MB
# Available Virtual  : 12738 MB
#-----------------------------------------------------------
start_gui
open_project C:/Users/Engg-User/Desktop/temp/hw/lab3_full/lab3_full.xpr
Scanning sources...
Finished scanning sources
INFO: [IP_Flow 19-234] Refreshing IP repositories
INFO: [IP_Flow 19-1704] No user IP repositories specified
INFO: [IP_Flow 19-2313] Loaded Vivado IP repository 'C:/Xilinx/Vivado/2024.2/data/ip'.
INFO: [Project 1-5579] Found utility IPs instantiated in one or more block designs which have equivalent inline hdl with improved performance and reduced diskspace. It is recommended to migrate these utility IPs to inline hdl using the command upgrade_project -migrate_to_inline_hdl. The utility IPs may be deprecated in future releases. More information on inline hdl is available in UG994.
open_project: Time (s): cpu = 00:00:18 ; elapsed = 00:00:09 . Memory (MB): peak = 1216.434 ; gain = 156.297
update_compile_order -fileset sources_1
archive_project C:/Users/Engg-User/Desktop/temp/hw/lab3_hw.xpr.zip -temp_dir C:/Users/Engg-User/AppData/Roaming/Xilinx/Vivado/.Xil/Vivado-15596-LT-735460 -force -exclude_run_results -include_local_ip_cache
INFO: [Coretcl 2-137] starting archive...
INFO: [Coretcl 2-1499] Saving project copy to temporary location 'C:/Users/Engg-User/AppData/Roaming/Xilinx/Vivado/.Xil/Vivado-15596-LT-735460' for archiving project
Scanning sources...
Finished scanning sources
INFO: [IP_Flow 19-234] Refreshing IP repositories
INFO: [IP_Flow 19-1704] No user IP repositories specified
INFO: [IP_Flow 19-2313] Loaded Vivado IP repository 'C:/Xilinx/Vivado/2024.2/data/ip'.
INFO: [Project 1-5579] Found utility IPs instantiated in one or more block designs which have equivalent inline hdl with improved performance and reduced diskspace. It is recommended to migrate these utility IPs to inline hdl using the command upgrade_project -migrate_to_inline_hdl. The utility IPs may be deprecated in future releases. More information on inline hdl is available in UG994.
INFO: [Coretcl 2-1211] Creating project copy for archival...
INFO: [ProjectBase 1-495] The host OS only allows 260 characters in a normal path. The project is stored in a path with more than 80 characters. If you experience any problem with archiving the project, please consider setting environment variable $TEMP to a shorter path.
Current project path is 'C:/Users/Engg-User/AppData/Roaming/Xilinx/Vivado/.Xil/Vivado-15596-LT-735460/PrjAr/_X_'.
WARNING: [IP_Flow 19-4995] The host OS only allows 260 characters in a normal path. The IP cache path is more than 80 characters. If you experience issues with IP caching, please consider changing the IP cache to a location with a shorter path. Alternately consider using the OS subst command to map part of the path to a drive letter. 
Current IP cache path is C:/Users/Engg-User/AppData/Roaming/Xilinx/Vivado/.Xil/Vivado-15596-LT-735460/PrjAr/_X_/lab3_full.cache/ip 
INFO: [Coretcl 2-135] resetting runs for excluding generated files from archive...
WARNING: [Coretcl 2-105] Run 'synth_1' is currently active
INFO: [Coretcl 2-133] resetting run 'synth_1'...
INFO: [Project 1-1161] Replacing file C:/Users/Engg-User/AppData/Roaming/Xilinx/Vivado/.Xil/Vivado-15596-LT-735460/PrjAr/_X_/lab3_full.srcs/utils_1/imports/synth_1/lab3_hw_wrapper.dcp with file C:/Users/Engg-User/AppData/Roaming/Xilinx/Vivado/.Xil/Vivado-15596-LT-735460/PrjAr/_X_/lab3_full.runs/synth_1/lab3_hw_wrapper.dcp
WARNING: [Coretcl 2-105] Run 'lab3_hw_processing_system7_0_0_synth_1' is currently active
INFO: [Coretcl 2-133] resetting run 'lab3_hw_processing_system7_0_0_synth_1'...
WARNING: [Coretcl 2-105] Run 'lab3_hw_axi_gpio_0_0_synth_1' is currently active
INFO: [Coretcl 2-133] resetting run 'lab3_hw_axi_gpio_0_0_synth_1'...
WARNING: [Coretcl 2-105] Run 'lab3_hw_rst_ps7_0_50M_2_synth_1' is currently active
INFO: [Coretcl 2-133] resetting run 'lab3_hw_rst_ps7_0_50M_2_synth_1'...
WARNING: [Coretcl 2-105] Run 'lab3_hw_axi_quad_spi_0_0_synth_1' is currently active
INFO: [Coretcl 2-133] resetting run 'lab3_hw_axi_quad_spi_0_0_synth_1'...
WARNING: [Coretcl 2-105] Run 'lab3_hw_axi_gpio_3_0_synth_1' is currently active
INFO: [Coretcl 2-133] resetting run 'lab3_hw_axi_gpio_3_0_synth_1'...
WARNING: [Coretcl 2-105] Run 'lab3_hw_axi_gpio_2_0_synth_1' is currently active
INFO: [Coretcl 2-133] resetting run 'lab3_hw_axi_gpio_2_0_synth_1'...
WARNING: [Coretcl 2-105] Run 'lab3_hw_axi_gpio_4_0_synth_1' is currently active
INFO: [Coretcl 2-133] resetting run 'lab3_hw_axi_gpio_4_0_synth_1'...
WARNING: [Coretcl 2-105] Run 'lab3_hw_axi_gpio_1_0_synth_1' is currently active
INFO: [Coretcl 2-133] resetting run 'lab3_hw_axi_gpio_1_0_synth_1'...
WARNING: [Coretcl 2-105] Run 'lab3_hw_axi_smc_2_synth_1' is currently active
INFO: [Coretcl 2-133] resetting run 'lab3_hw_axi_smc_2_synth_1'...
INFO: [Coretcl 2-133] resetting run 'impl_1'...
INFO: [Coretcl 2-133] resetting run 'lab3_hw_processing_system7_0_0_impl_1'...
INFO: [Coretcl 2-133] resetting run 'lab3_hw_axi_gpio_0_0_impl_1'...
INFO: [Coretcl 2-133] resetting run 'lab3_hw_rst_ps7_0_50M_2_impl_1'...
INFO: [Coretcl 2-133] resetting run 'lab3_hw_axi_quad_spi_0_0_impl_1'...
INFO: [Coretcl 2-133] resetting run 'lab3_hw_axi_gpio_3_0_impl_1'...
INFO: [Coretcl 2-133] resetting run 'lab3_hw_axi_gpio_2_0_impl_1'...
INFO: [Coretcl 2-133] resetting run 'lab3_hw_axi_gpio_4_0_impl_1'...
INFO: [Coretcl 2-133] resetting run 'lab3_hw_axi_gpio_1_0_impl_1'...
INFO: [Coretcl 2-133] resetting run 'lab3_hw_axi_smc_2_impl_1'...
INFO: [Coretcl 2-1212] Importing remotely added design sources and verilog include files (if any)...
INFO: [filemgmt 20-334] All file(s) are already imported in fileset: 'lab3_hw_axi_gpio_0_0'
INFO: [filemgmt 20-348] Importing the appropriate files for fileset: 'lab3_hw_axi_gpio_0_0'
INFO: [filemgmt 20-334] All file(s) are already imported in fileset: 'lab3_hw_axi_gpio_1_0'
INFO: [filemgmt 20-348] Importing the appropriate files for fileset: 'lab3_hw_axi_gpio_1_0'
INFO: [filemgmt 20-334] All file(s) are already imported in fileset: 'lab3_hw_axi_gpio_2_0'
INFO: [filemgmt 20-348] Importing the appropriate files for fileset: 'lab3_hw_axi_gpio_2_0'
INFO: [filemgmt 20-334] All file(s) are already imported in fileset: 'lab3_hw_axi_gpio_3_0'
INFO: [filemgmt 20-348] Importing the appropriate files for fileset: 'lab3_hw_axi_gpio_3_0'
INFO: [filemgmt 20-334] All file(s) are already imported in fileset: 'lab3_hw_axi_gpio_4_0'
INFO: [filemgmt 20-348] Importing the appropriate files for fileset: 'lab3_hw_axi_gpio_4_0'
INFO: [filemgmt 20-334] All file(s) are already imported in fileset: 'lab3_hw_axi_quad_spi_0_0'
INFO: [filemgmt 20-348] Importing the appropriate files for fileset: 'lab3_hw_axi_quad_spi_0_0'
INFO: [filemgmt 20-334] All file(s) are already imported in fileset: 'lab3_hw_axi_smc_2'
INFO: [filemgmt 20-348] Importing the appropriate files for fileset: 'lab3_hw_axi_smc_2'
INFO: [filemgmt 20-334] All file(s) are already imported in fileset: 'lab3_hw_processing_system7_0_0'
INFO: [filemgmt 20-348] Importing the appropriate files for fileset: 'lab3_hw_processing_system7_0_0'
INFO: [filemgmt 20-334] All file(s) are already imported in fileset: 'lab3_hw_rst_ps7_0_50M_2'
INFO: [filemgmt 20-348] Importing the appropriate files for fileset: 'lab3_hw_rst_ps7_0_50M_2'
INFO: [filemgmt 20-334] All file(s) are already imported in fileset: 'constrs_1'
INFO: [filemgmt 20-348] Importing the appropriate files for fileset: 'constrs_1'
INFO: [filemgmt 20-348] Importing the appropriate files for fileset: 'sources_1'
INFO: [filemgmt 20-334] All file(s) are already imported in fileset: 'utils_1'
INFO: [filemgmt 20-348] Importing the appropriate files for fileset: 'utils_1'
